<?xml version="1.0" encoding="UTF-8"?>
<testng-results ignored="3" total="4" passed="0" failed="1" skipped="0">
  <reporter-output>
  </reporter-output>
  <suite started-at="2025-04-22T11:07:18 IST" name="Surefire suite" finished-at="2025-04-22T11:08:09 IST" duration-ms="51124">
    <groups>
    </groups>
    <test started-at="2025-04-22T11:07:18 IST" name="Surefire test" finished-at="2025-04-22T11:08:09 IST" duration-ms="51124">
      <class name="test.Employee_Bus_Attendant_Positive_Test">
        <test-method is-config="true" signature="launchBrowser()[pri:0, instance:test.Employee_Bus_Attendant_Positive_Test@34bde49d]" started-at="2025-04-22T11:07:15 IST" name="launchBrowser" finished-at="2025-04-22T11:07:18 IST" duration-ms="2940" status="PASS">
          <reporter-output>
          </reporter-output>
        </test-method> <!-- launchBrowser -->
        <test-method signature="bus_attendant_creation(java.lang.String,java.lang.String,java.lang.String,java.lang.String,java.lang.String,java.lang.String,java.lang.String,java.lang.String,java.lang.String)[pri:0, instance:test.Employee_Bus_Attendant_Positive_Test@34bde49d]" started-at="2025-04-22T11:07:18 IST" name="bus_attendant_creation" data-provider="busAttendantData" finished-at="2025-04-22T11:08:09 IST" duration-ms="50987" status="FAIL">
          <params>
            <param index="0">
              <value>
                <![CDATA[C:\Users\DELL\Pictures\Screenshots\Screenshot 2025-03-20 122344.png]]>
              </value>
            </param>
            <param index="1">
              <value>
                <![CDATA[BA209]]>
              </value>
            </param>
            <param index="2">
              <value>
                <![CDATA[Kumaresh]]>
              </value>
            </param>
            <param index="3">
              <value>
                <![CDATA[UAE (+971)]]>
              </value>
            </param>
            <param index="4">
              <value>
                <![CDATA[123412345]]>
              </value>
            </param>
            <param index="5">
              <value>
                <![CDATA[O+ve]]>
              </value>
            </param>
            <param index="6">
              <value>
                <![CDATA[NFC2187bv]]>
              </value>
            </param>
            <param index="7">
              <value>
                <![CDATA[securePass123]]>
              </value>
            </param>
            <param index="8">
              <value>
                <![CDATA[+971 123412345]]>
              </value>
            </param>
          </params>
          <exception class="java.lang.AssertionError">
            <message>
              <![CDATA[Success message mismatch! expected [Bus Attendant details created successfully] but found [Bus Attendant details created Successfully]]]>
            </message>
            <full-stacktrace>
              <![CDATA[java.lang.AssertionError: Success message mismatch! expected [Bus Attendant details created successfully] but found [Bus Attendant details created Successfully]
at org.testng.Assert.fail(Assert.java:111)
at org.testng.Assert.failNotEquals(Assert.java:1590)
at org.testng.Assert.assertEqualsImpl(Assert.java:150)
at org.testng.Assert.assertEquals(Assert.java:132)
at org.testng.Assert.assertEquals(Assert.java:656)
at pages.Employee_Bus_Attendant_Page.validate_create_success_message(Employee_Bus_Attendant_Page.java:138)
at test.Employee_Bus_Attendant_Positive_Test.bus_attendant_creation(Employee_Bus_Attendant_Positive_Test.java:31)
at java.base/jdk.internal.reflect.DirectMethodHandleAccessor.invoke(DirectMethodHandleAccessor.java:103)
at java.base/java.lang.reflect.Method.invoke(Method.java:580)
at org.testng.internal.invokers.MethodInvocationHelper.invokeMethod(MethodInvocationHelper.java:141)
at org.testng.internal.invokers.TestInvoker.invokeMethod(TestInvoker.java:687)
at org.testng.internal.invokers.TestInvoker.invokeTestMethod(TestInvoker.java:230)
at org.testng.internal.invokers.MethodRunner.runInSequence(MethodRunner.java:63)
at org.testng.internal.invokers.TestInvoker$MethodInvocationAgent.invoke(TestInvoker.java:995)
at org.testng.internal.invokers.TestInvoker.invokeTestMethods(TestInvoker.java:203)
at org.testng.internal.invokers.TestMethodWorker.invokeTestMethods(TestMethodWorker.java:154)
at org.testng.internal.invokers.TestMethodWorker.run(TestMethodWorker.java:134)
at java.base/java.util.ArrayList.forEach(ArrayList.java:1597)
at org.testng.TestRunner.privateRun(TestRunner.java:741)
at org.testng.TestRunner.run(TestRunner.java:616)
at org.testng.SuiteRunner.runTest(SuiteRunner.java:421)
at org.testng.SuiteRunner.runSequentially(SuiteRunner.java:413)
at org.testng.SuiteRunner.privateRun(SuiteRunner.java:373)
at org.testng.SuiteRunner.run(SuiteRunner.java:312)
at org.testng.SuiteRunnerWorker.runSuite(SuiteRunnerWorker.java:52)
at org.testng.SuiteRunnerWorker.run(SuiteRunnerWorker.java:95)
at org.testng.TestNG.runSuitesSequentially(TestNG.java:1274)
at org.testng.TestNG.runSuitesLocally(TestNG.java:1208)
at org.testng.TestNG.runSuites(TestNG.java:1112)
at org.testng.TestNG.run(TestNG.java:1079)
at org.apache.maven.surefire.testng.TestNGExecutor.run(TestNGExecutor.java:155)
at org.apache.maven.surefire.testng.TestNGDirectoryTestSuite.executeSingleClass(TestNGDirectoryTestSuite.java:102)
at org.apache.maven.surefire.testng.TestNGDirectoryTestSuite.execute(TestNGDirectoryTestSuite.java:91)
at org.apache.maven.surefire.testng.TestNGProvider.invoke(TestNGProvider.java:137)
at org.apache.maven.surefire.booter.ForkedBooter.runSuitesInProcess(ForkedBooter.java:385)
at org.apache.maven.surefire.booter.ForkedBooter.execute(ForkedBooter.java:162)
at org.apache.maven.surefire.booter.ForkedBooter.run(ForkedBooter.java:507)
at org.apache.maven.surefire.booter.ForkedBooter.main(ForkedBooter.java:495)
]]>
            </full-stacktrace>
          </exception> <!-- java.lang.AssertionError -->
          <reporter-output>
          </reporter-output>
        </test-method> <!-- bus_attendant_creation -->
        <test-method is-config="true" signature="tearDown()[pri:0, instance:test.Employee_Bus_Attendant_Positive_Test@34bde49d]" started-at="2025-04-22T11:08:09 IST" name="tearDown" finished-at="2025-04-22T11:08:09 IST" duration-ms="2" status="PASS">
          <reporter-output>
          </reporter-output>
        </test-method> <!-- tearDown -->
      </class> <!-- test.Employee_Bus_Attendant_Positive_Test -->
    </test> <!-- Surefire test -->
  </suite> <!-- Surefire suite -->
</testng-results>
